"blank"			"=========================="
"blank"			"#Valve_Movement_Title"
"blank"			"=========================="
"+forward"		"#Valve_Move_Forward"
"+back"			"#Valve_Move_Back"
"+left"			"#Valve_Turn_Left"
"+right"		"#Valve_Turn_Right"
"+moveleft"		"#Valve_Move_Left"
"+moveright"	"#Valve_Move_Right"
"+jump"			"#Valve_Jump"
"+duck"			"#Valve_Duck"
"+moveup"		"#Valve_Swim_Up"
"+movedown"		"#Valve_Swim_Down"
"+lookup"		"#Valve_Look_Up"
"+lookdown"		"#Valve_Look_Down"
"force_centerview"	"#Valve_Look_Straight_Ahead"
"+strafe"		"#Valve_Strafe_Modifier"
"+mlook"		"#Valve_Mouse_Look_Modifier"
"+klook"		"#Valve_Keyboard_Look_Modifier"
"+use"			"#Valve_OpenInventory"
"blank"			"=========================="
"blank"			"#Valve_Communication_Title"
"blank"			"=========================="
"+voicerecord"	"#Valve_Use_Voice_Communication"
"messagemode"	"#Valve_Chat_Message"
"messagemode2"	"#Valve_Team_Message"
"blank"			"=========================="
"blank"			"#Valve_Combat_Title"
"blank"			"=========================="
"+attack"		"#Valve_Primary_Attack"
"+attack2"		"#Valve_Secondary_Attack"
"+reload"		"#Valve_Reload_Weapon"
"+speed"		"#Valve_Walk"
"impulse 201"	"#Valve_Spray_Logo"
"slot 1"        "#Valve_Weapon_Category_1"
"slot 2"        "#Valve_Weapon_Category_2"
"slot 3" 		"#Valve_Weapon_Category_3"
"slot 4"        "#Valve_Weapon_Category_4"
"slot 5"        "#Valve_Weapon_Category_5"
"slot 6"        "#Valve_Weapon_Category_6"
"slot 7"        "#Valve_Weapon_Category_7"
"slot 8"        "#Valve_Weapon_Category_8"
"slot 9"        "#Valve_Weapon_Category_9"
"drop -1"		"#Valve_DropCurrentItem"
"blank"			"=========================="
"blank"			"#Valve_Capture_The_Flag_Title"
"blank"			"=========================="
"changeteam"		"#Valve_Change_Team"
"changeclass"		"#Valve_Change_Character"
"flaginfo"		"#Valve_Flag_Info"
"blank"			"=========================="
"blank"			"#Valve_Miscellaneous_Title"
"blank"			"=========================="
"+showscores"	"#Valve_Display_Scores"
"quit"			"#Valve_Quit_Game"